01 01 2000 00:00:01|3|User category browse
01 01 2000 00:00:01|1|User category browse
01 01 2000 00:00:01|1|User product browse
01 01 2000 00:00:01|1|User category browse
01 01 2000 00:00:01|1|User product browse
01 01 2000 00:00:01|2|User category browse
01 01 2000 00:00:01|3|User product browse
01 01 2000 00:00:01|3|User category browse
01 01 2000 00:00:01|3|User product browse
01 01 2000 00:00:01|2|User product browse
01 01 2000 00:00:01|2|User category browse
01 01 2000 00:00:01|2|User product browse
01 01 2000 00:00:01|1|User product added to cart
01 01 2000 00:00:01|3|User product added to cart
01 01 2000 00:00:01|3|User category browse
01 01 2000 00:00:01|3|User product added to cart
01 01 2000 00:00:01|1|User category browse
01 01 2000 00:00:01|1|User product added to cart
01 01 2000 00:00:01|2|User product added to cart
01 01 2000 00:00:01|1|User product browse
01 01 2000 00:00:01|3|User product browse
01 01 2000 00:00:01|3|User product added to cart
01 01 2000 00:00:01|3|User checkout started
01 01 2000 00:00:01|1|User product added to cart
01 01 2000 00:00:01|2|User category browse
01 01 2000 00:00:01|2|User product added to cart
01 01 2000 00:00:01|2|User product browse
01 01 2000 00:00:01|2|User product added to cart
01 01 2000 00:00:01|1|User checkout started
01 01 2000 00:00:01|2|User checkout started
01 01 2000 00:00:01|2|User entered address
01 01 2000 00:00:01|3|User entered address
01 01 2000 00:00:01|3|User paid
01 01 2000 00:00:01|3|User checkout done
01 01 2000 00:00:01|1|User entered address
01 01 2000 00:00:01|2|User paid
01 01 2000 00:00:01|1|User paid
01 01 2000 00:00:01|1|User checkout done
01 01 2000 00:00:01|2|User checkout done

